<?xml version="1.0" encoding="UTF-8"?>
<testng-results skipped="0" failed="0" ignored="0" total="1" passed="1">
  <reporter-output>
    <line>
      <![CDATA[Executing testA]]>
    </line>
  </reporter-output>
  <suite name="Default suite" duration-ms="28" started-at="2018-05-16T13:03:54Z" finished-at="2018-05-16T13:03:54Z">
    <groups>
    </groups>
    <test name="Default test" duration-ms="28" started-at="2018-05-16T13:03:54Z" finished-at="2018-05-16T13:03:54Z">
      <class name="jenkin_Test.MavenJenkinTest">
        <test-method status="PASS" signature="testA()[pri:0, instance:jenkin_Test.MavenJenkinTest@1e965684]" name="testA" duration-ms="8" started-at="2018-05-16T13:03:54Z" finished-at="2018-05-16T13:03:54Z">
          <reporter-output>
            <line>
              <![CDATA[Executing testA]]>
            </line>
          </reporter-output>
        </test-method> <!-- testA -->
      </class> <!-- jenkin_Test.MavenJenkinTest -->
    </test> <!-- Default test -->
  </suite> <!-- Default suite -->
</testng-results>
